GET/
GET/about
GET/
GET/favicon.ico
POST/
POST/
GET/
POST/
POST/
GET/
POST/
POST/
GET/
POST/submit
GET/
POST/submit
POST/submit
GET/
POST/submit
GET/submit
GET/
POST/submit
POST/submit
GET/
POST/submit
POST/submit
GET/
POST/submit
GET/
POST/submit
GET/
POST/submit
GET/
POST/submit
POST/submit
GET/
POST/submit
POST/submit
GET/
POST/submit
GET/
POST/submit
GET/
GET/
POST/submit
GET/
POST/submit
GET/
GET/keyword
GET/keyword
GET/keyword
GET/keyword
GET/keyword
GET/keyword
GET/keyword
GET/keyword
GET/keyword
GET/keyword
GET/keyword
GET/keyword
GET/keyword
GET/keyword
GET/keyword
GET/keyword
GET/dashboard/lovelesh
GET/dashboard/lovelesh
GET/dashboard/lovelesh
GET/
POST/submit
GET/keyword
GET/dashboard/lokesh
GET/dashboard/lokesh
GET/dashboard/lokesh
GET/public/images/0.jpg
GET/public/images/1.jpg
GET/public/images/2.jpg
GET/public/images/3.jpg
GET/public/images/4.jpg
GET/public/images/5.jpg
GET/public/images/8.jpg
GET/public/images/9.jpg
GET/public/images/6.jpg
GET/public/images/7.jpg
GET/public/images/12.jpg
GET/public/images/13.jpg
GET/public/images/10.jpg
GET/public/images/11.jpg
GET/public/images/14.jpg
GET/public/images/11.jpg
GET/
POST/submit
GET/keyword
GET/dashboard/lokesh
GET/public/images/lokesh0.jpg
GET/public/images/lokesh1.jpg
GET/public/images/lokesh2.jpg
GET/public/images/lokesh3.jpg
GET/public/images/lokesh4.jpg
GET/public/images/lokesh5.jpg
GET/public/images/lokesh8.jpg
GET/public/images/lokesh12.jpg
GET/public/images/lokesh11.jpg
GET/public/images/lokesh10.jpg
GET/public/images/lokesh9.jpg
GET/public/images/lokesh7.jpg
GET/public/images/lokesh6.jpg
GET/public/images/lokesh13.jpg
GET/public/images/lokesh14.jpg
GET/public/images/lokesh11.jpg
GET/nodeProject/public/images/lokesh11.jpg
GET/nodeProject/public/images/lokesh11.jpg
